<?xml version="1.0" encoding="UTF-8"?>
<!-- Generated by org.testng.reporters.JUnitXMLReporter -->
<testsuite hostname="GGN-MAC-9000" ignored="0" name="TC_01" tests="2" failures="2" timestamp="2023-07-31T20:43:58 IST" time="4.705" errors="0">
  <testcase name="BaseUrlTest" time="3.431" classname="Tests.GraphQL">
    <failure type="java.lang.RuntimeException" message="com.fasterxml.jackson.databind.exc.UnrecognizedPropertyException: Unrecognized field &amp;quot;data&amp;quot; (class com.airstack.ta.pojos.QueryPojo.data), not marked as ignorable (0 known properties: ])
 at [Source: (String)&amp;quot;{&amp;quot;data&amp;quot;:{&amp;quot;Tokens&amp;quot;:{&amp;quot;Token&amp;quot;:[{&amp;quot;id&amp;quot;:&amp;quot;10x60e4d786628fea6478f785a6d7e704777c86a7c6&amp;quot;,&amp;quot;address&amp;quot;:&amp;quot;0x60e4d786628fea6478f785a6d7e704777c86a7c6&amp;quot;,&amp;quot;chainId&amp;quot;:&amp;quot;1&amp;quot;,&amp;quot;name&amp;quot;:&amp;quot;MutantApeYachtClub&amp;quot;,&amp;quot;symbol&amp;quot;:&amp;quot;MAYC&amp;quot;,&amp;quot;type&amp;quot;:&amp;quot;ERC721&amp;quot;,&amp;quot;totalSupply&amp;quot;:&amp;quot;19480&amp;quot;,&amp;quot;decimals&amp;quot;:0,&amp;quot;baseURI&amp;quot;:&amp;quot;&amp;quot;,&amp;quot;lastTransferTimestamp&amp;quot;:&amp;quot;2023-07-31T15:10:47Z&amp;quot;,&amp;quot;lastTransferBlock&amp;quot;:17813798,&amp;quot;lastTransferHash&amp;quot;:&amp;quot;0xa98f60888408a5e9cad803317bd6a5bdc9a377e4c16da89bf7201aceca2aa475&amp;quot;,&amp;quot;contractMetaData&amp;quot;:{&amp;quot;description&amp;quot;:null},&amp;quot;logo&amp;quot;:{&amp;quot;medium&amp;quot;:null,&amp;quot;original&amp;quot;:null},&amp;quot;[truncated 631 chars]; line: 1, column: 10] (through reference chain: com.airstack.ta.pojos.QueryPojo.data[&amp;quot;data&amp;quot;])">
      <![CDATA[java.lang.RuntimeException: com.fasterxml.jackson.databind.exc.UnrecognizedPropertyException: Unrecognized field "data" (class com.airstack.ta.pojos.QueryPojo.data), not marked as ignorable (0 known properties: ])
 at [Source: (String)"{"data":{"Tokens":{"Token":[{"id":"10x60e4d786628fea6478f785a6d7e704777c86a7c6","address":"0x60e4d786628fea6478f785a6d7e704777c86a7c6","chainId":"1","name":"MutantApeYachtClub","symbol":"MAYC","type":"ERC721","totalSupply":"19480","decimals":0,"baseURI":"","lastTransferTimestamp":"2023-07-31T15:10:47Z","lastTransferBlock":17813798,"lastTransferHash":"0xa98f60888408a5e9cad803317bd6a5bdc9a377e4c16da89bf7201aceca2aa475","contractMetaData":{"description":null},"logo":{"medium":null,"original":null},"[truncated 631 chars]; line: 1, column: 10] (through reference chain: com.airstack.ta.pojos.QueryPojo.data["data"])
at io.restassured.internal.path.json.mapping.JsonPathJackson2ObjectDeserializer.deserialize(JsonPathJackson2ObjectDeserializer.java:30)
at io.restassured.path.json.mapping.JsonPathObjectDeserializer$deserialize.call(Unknown Source)
at org.codehaus.groovy.runtime.callsite.CallSiteArray.defaultCall(CallSiteArray.java:45)
at org.codehaus.groovy.runtime.callsite.AbstractCallSite.call(AbstractCallSite.java:125)
at org.codehaus.groovy.runtime.callsite.AbstractCallSite.call(AbstractCallSite.java:139)
at io.restassured.internal.mapping.Jackson2Mapper.deserialize(Jackson2Mapper.groovy:58)
at io.restassured.mapper.ObjectMapper$deserialize$0.call(Unknown Source)
at org.codehaus.groovy.runtime.callsite.CallSiteArray.defaultCall(CallSiteArray.java:45)
at org.codehaus.groovy.runtime.callsite.AbstractCallSite.call(AbstractCallSite.java:125)
at org.codehaus.groovy.runtime.callsite.AbstractCallSite.call(AbstractCallSite.java:139)
at io.restassured.internal.mapping.ObjectMapping.parseWithJackson2(ObjectMapping.groovy:254)
at io.restassured.internal.mapping.ObjectMapping$parseWithJackson2$1.callStatic(Unknown Source)
at org.codehaus.groovy.runtime.callsite.CallSiteArray.defaultCallStatic(CallSiteArray.java:53)
at org.codehaus.groovy.runtime.callsite.AbstractCallSite.callStatic(AbstractCallSite.java:217)
at org.codehaus.groovy.runtime.callsite.AbstractCallSite.callStatic(AbstractCallSite.java:240)
at io.restassured.internal.mapping.ObjectMapping.deserialize(ObjectMapping.groovy:56)
at io.restassured.internal.mapping.ObjectMapping$deserialize$0.call(Unknown Source)
at org.codehaus.groovy.runtime.callsite.CallSiteArray.defaultCall(CallSiteArray.java:45)
at org.codehaus.groovy.runtime.callsite.AbstractCallSite.call(AbstractCallSite.java:125)
at io.restassured.internal.RestAssuredResponseOptionsGroovyImpl.as(RestAssuredResponseOptionsGroovyImpl.groovy:229)
at io.restassured.internal.RestAssuredResponseOptionsImpl.as(RestAssuredResponseOptionsImpl.java:169)
at Tests.GraphQL.BaseUrlTest(GraphQL.java:59)
at java.util.ArrayList.forEach(ArrayList.java:1259)
at com.intellij.rt.testng.IDEARemoteTestNG.run(IDEARemoteTestNG.java:66)
at com.intellij.rt.testng.RemoteTestNGStarter.main(RemoteTestNGStarter.java:109)
Caused by: com.fasterxml.jackson.databind.exc.UnrecognizedPropertyException: Unrecognized field "data" (class com.airstack.ta.pojos.QueryPojo.data), not marked as ignorable (0 known properties: ])
 at [Source: (String)"{"data":{"Tokens":{"Token":[{"id":"10x60e4d786628fea6478f785a6d7e704777c86a7c6","address":"0x60e4d786628fea6478f785a6d7e704777c86a7c6","chainId":"1","name":"MutantApeYachtClub","symbol":"MAYC","type":"ERC721","totalSupply":"19480","decimals":0,"baseURI":"","lastTransferTimestamp":"2023-07-31T15:10:47Z","lastTransferBlock":17813798,"lastTransferHash":"0xa98f60888408a5e9cad803317bd6a5bdc9a377e4c16da89bf7201aceca2aa475","contractMetaData":{"description":null},"logo":{"medium":null,"original":null},"[truncated 631 chars]; line: 1, column: 10] (through reference chain: com.airstack.ta.pojos.QueryPojo.data["data"])
at com.fasterxml.jackson.databind.exc.UnrecognizedPropertyException.from(UnrecognizedPropertyException.java:61)
at com.fasterxml.jackson.databind.DeserializationContext.handleUnknownProperty(DeserializationContext.java:823)
at com.fasterxml.jackson.databind.deser.std.StdDeserializer.handleUnknownProperty(StdDeserializer.java:1153)
at com.fasterxml.jackson.databind.deser.BeanDeserializerBase.handleUnknownProperty(BeanDeserializerBase.java:1589)
at com.fasterxml.jackson.databind.deser.BeanDeserializerBase.handleUnknownVanilla(BeanDeserializerBase.java:1567)
at com.fasterxml.jackson.databind.deser.BeanDeserializer.vanillaDeserialize(BeanDeserializer.java:294)
at com.fasterxml.jackson.databind.deser.BeanDeserializer.deserialize(BeanDeserializer.java:151)
at com.fasterxml.jackson.databind.ObjectMapper._readMapAndClose(ObjectMapper.java:4013)
at com.fasterxml.jackson.databind.ObjectMapper.readValue(ObjectMapper.java:3042)
at io.restassured.internal.path.json.mapping.JsonPathJackson2ObjectDeserializer.deserialize(JsonPathJackson2ObjectDeserializer.java:28)
... 48 more
... Removed 24 stack frames]]>
    </failure>
  </testcase> <!-- BaseUrlTest -->
  <testcase name="BaseUrlTest" time="1.158" classname="Tests.GraphQL">
    <failure type="java.lang.RuntimeException" message="com.fasterxml.jackson.databind.exc.UnrecognizedPropertyException: Unrecognized field &amp;quot;data&amp;quot; (class com.airstack.ta.pojos.QueryPojo.data), not marked as ignorable (0 known properties: ])
 at [Source: (String)&amp;quot;{&amp;quot;data&amp;quot;:{&amp;quot;Tokens&amp;quot;:{&amp;quot;Token&amp;quot;:[{&amp;quot;id&amp;quot;:&amp;quot;1edf6d3c3664606fe9ee3a9796d5cc75e3b16e682&amp;quot;,&amp;quot;address&amp;quot;:&amp;quot;0xedf6d3c3664606fe9ee3a9796d5cc75e3b16e682&amp;quot;,&amp;quot;chainId&amp;quot;:&amp;quot;1&amp;quot;,&amp;quot;name&amp;quot;:&amp;quot;FatCats&amp;quot;,&amp;quot;symbol&amp;quot;:&amp;quot;FCD&amp;quot;,&amp;quot;type&amp;quot;:&amp;quot;ERC721&amp;quot;,&amp;quot;totalSupply&amp;quot;:&amp;quot;5000&amp;quot;,&amp;quot;decimals&amp;quot;:0,&amp;quot;baseURI&amp;quot;:&amp;quot;&amp;quot;,&amp;quot;lastTransferTimestamp&amp;quot;:&amp;quot;2023-03-21T05:35:47Z&amp;quot;,&amp;quot;lastTransferBlock&amp;quot;:16873972,&amp;quot;lastTransferHash&amp;quot;:&amp;quot;0xa42fe34f983caa52522810c41066d0b45dcb64679f78db25e7810bd3bbb057c4&amp;quot;,&amp;quot;contractMetaData&amp;quot;:{&amp;quot;description&amp;quot;:null},&amp;quot;logo&amp;quot;:{&amp;quot;medium&amp;quot;:null,&amp;quot;original&amp;quot;:null},&amp;quot;tokenBalances&amp;quot;&amp;quot;[truncated 603 chars]; line: 1, column: 10] (through reference chain: com.airstack.ta.pojos.QueryPojo.data[&amp;quot;data&amp;quot;])">
      <![CDATA[java.lang.RuntimeException: com.fasterxml.jackson.databind.exc.UnrecognizedPropertyException: Unrecognized field "data" (class com.airstack.ta.pojos.QueryPojo.data), not marked as ignorable (0 known properties: ])
 at [Source: (String)"{"data":{"Tokens":{"Token":[{"id":"1edf6d3c3664606fe9ee3a9796d5cc75e3b16e682","address":"0xedf6d3c3664606fe9ee3a9796d5cc75e3b16e682","chainId":"1","name":"FatCats","symbol":"FCD","type":"ERC721","totalSupply":"5000","decimals":0,"baseURI":"","lastTransferTimestamp":"2023-03-21T05:35:47Z","lastTransferBlock":16873972,"lastTransferHash":"0xa42fe34f983caa52522810c41066d0b45dcb64679f78db25e7810bd3bbb057c4","contractMetaData":{"description":null},"logo":{"medium":null,"original":null},"tokenBalances""[truncated 603 chars]; line: 1, column: 10] (through reference chain: com.airstack.ta.pojos.QueryPojo.data["data"])
at io.restassured.internal.path.json.mapping.JsonPathJackson2ObjectDeserializer.deserialize(JsonPathJackson2ObjectDeserializer.java:30)
at io.restassured.path.json.mapping.JsonPathObjectDeserializer$deserialize.call(Unknown Source)
at io.restassured.internal.mapping.Jackson2Mapper.deserialize(Jackson2Mapper.groovy:58)
at io.restassured.mapper.ObjectMapper$deserialize$0.call(Unknown Source)
at io.restassured.internal.mapping.ObjectMapping.parseWithJackson2(ObjectMapping.groovy:254)
at io.restassured.internal.mapping.ObjectMapping$parseWithJackson2$1.callStatic(Unknown Source)
at io.restassured.internal.mapping.ObjectMapping.deserialize(ObjectMapping.groovy:56)
at io.restassured.internal.mapping.ObjectMapping$deserialize$0.call(Unknown Source)
at io.restassured.internal.RestAssuredResponseOptionsGroovyImpl.as(RestAssuredResponseOptionsGroovyImpl.groovy:229)
at io.restassured.internal.RestAssuredResponseOptionsImpl.as(RestAssuredResponseOptionsImpl.java:169)
at Tests.GraphQL.BaseUrlTest(GraphQL.java:59)
at java.util.ArrayList.forEach(ArrayList.java:1259)
at com.intellij.rt.testng.IDEARemoteTestNG.run(IDEARemoteTestNG.java:66)
at com.intellij.rt.testng.RemoteTestNGStarter.main(RemoteTestNGStarter.java:109)
Caused by: com.fasterxml.jackson.databind.exc.UnrecognizedPropertyException: Unrecognized field "data" (class com.airstack.ta.pojos.QueryPojo.data), not marked as ignorable (0 known properties: ])
 at [Source: (String)"{"data":{"Tokens":{"Token":[{"id":"1edf6d3c3664606fe9ee3a9796d5cc75e3b16e682","address":"0xedf6d3c3664606fe9ee3a9796d5cc75e3b16e682","chainId":"1","name":"FatCats","symbol":"FCD","type":"ERC721","totalSupply":"5000","decimals":0,"baseURI":"","lastTransferTimestamp":"2023-03-21T05:35:47Z","lastTransferBlock":16873972,"lastTransferHash":"0xa42fe34f983caa52522810c41066d0b45dcb64679f78db25e7810bd3bbb057c4","contractMetaData":{"description":null},"logo":{"medium":null,"original":null},"tokenBalances""[truncated 603 chars]; line: 1, column: 10] (through reference chain: com.airstack.ta.pojos.QueryPojo.data["data"])
at com.fasterxml.jackson.databind.exc.UnrecognizedPropertyException.from(UnrecognizedPropertyException.java:61)
at com.fasterxml.jackson.databind.DeserializationContext.handleUnknownProperty(DeserializationContext.java:823)
at com.fasterxml.jackson.databind.deser.std.StdDeserializer.handleUnknownProperty(StdDeserializer.java:1153)
at com.fasterxml.jackson.databind.deser.BeanDeserializerBase.handleUnknownProperty(BeanDeserializerBase.java:1589)
at com.fasterxml.jackson.databind.deser.BeanDeserializerBase.handleUnknownVanilla(BeanDeserializerBase.java:1567)
at com.fasterxml.jackson.databind.deser.BeanDeserializer.vanillaDeserialize(BeanDeserializer.java:294)
at com.fasterxml.jackson.databind.deser.BeanDeserializer.deserialize(BeanDeserializer.java:151)
at com.fasterxml.jackson.databind.ObjectMapper._readMapAndClose(ObjectMapper.java:4013)
at com.fasterxml.jackson.databind.ObjectMapper.readValue(ObjectMapper.java:3042)
at io.restassured.internal.path.json.mapping.JsonPathJackson2ObjectDeserializer.deserialize(JsonPathJackson2ObjectDeserializer.java:28)
... 37 more
... Removed 24 stack frames]]>
    </failure>
  </testcase> <!-- BaseUrlTest -->
</testsuite> <!-- TC_01 -->
