<?xml version="1.0" encoding="UTF-8"?>
<testng-results skipped="0" failed="0" ignored="0" total="2" passed="2">
  <reporter-output>
    <line>
      <![CDATA[Verified Successfully !!]]>
    </line>
    <line>
      <![CDATA[Verified Successfully !!]]>
    </line>
  </reporter-output>
  <suite name="Airstack Tests.GraphQL TA " duration-ms="6543" started-at="2023-08-01T11:39:18 IST" finished-at="2023-08-01T11:39:25 IST">
    <groups>
    </groups>
    <test name="TC_01" duration-ms="6543" started-at="2023-08-01T11:39:18 IST" finished-at="2023-08-01T11:39:25 IST">
      <class name="Tests.GraphQL">
        <test-method status="PASS" signature="setUp()[pri:0, instance:Tests.GraphQL@add0edd]" name="setUp" is-config="true" duration-ms="686" started-at="2023-08-01T11:39:18 IST" finished-at="2023-08-01T11:39:18 IST">
          <reporter-output>
          </reporter-output>
        </test-method> <!-- setUp -->
        <test-method status="PASS" signature="BaseUrlTest(java.lang.String)[pri:0, instance:Tests.GraphQL@add0edd]" name="BaseUrlTest" duration-ms="4603" started-at="2023-08-01T11:39:18 IST" data-provider="AddressEQ" finished-at="2023-08-01T11:39:23 IST">
          <params>
            <param index="0">
              <value>
                <![CDATA[0x60e4d786628fea6478f785a6d7e704777c86a7c6]]>
              </value>
            </param>
          </params>
          <reporter-output>
            <line>
              <![CDATA[Verified Successfully !!]]>
            </line>
          </reporter-output>
        </test-method> <!-- BaseUrlTest -->
        <test-method status="PASS" signature="BaseUrlTest(java.lang.String)[pri:0, instance:Tests.GraphQL@add0edd]" name="BaseUrlTest" duration-ms="1827" started-at="2023-08-01T11:39:23 IST" data-provider="AddressEQ" finished-at="2023-08-01T11:39:25 IST">
          <params>
            <param index="0">
              <value>
                <![CDATA[0xedf6d3c3664606fe9ee3a9796d5cc75e3b16e682]]>
              </value>
            </param>
          </params>
          <reporter-output>
            <line>
              <![CDATA[Verified Successfully !!]]>
            </line>
          </reporter-output>
        </test-method> <!-- BaseUrlTest -->
        <test-method status="PASS" signature="tearDown()[pri:0, instance:Tests.GraphQL@add0edd]" name="tearDown" is-config="true" duration-ms="1" started-at="2023-08-01T11:39:25 IST" finished-at="2023-08-01T11:39:25 IST">
          <reporter-output>
          </reporter-output>
        </test-method> <!-- tearDown -->
      </class> <!-- Tests.GraphQL -->
    </test> <!-- TC_01 -->
  </suite> <!-- Airstack Tests.GraphQL TA  -->
</testng-results>
